16:17 INFO    : Waveform generator initiated with
  frequency_domain_source_model: bilby.gw.source.lal_binary_black_hole
  time_domain_source_model: None
  parameter_conversion: bilby.gw.conversion.convert_to_lal_binary_black_hole_parameters
16:17 INFO    : Injected signal in H1:
16:17 INFO    :   optimal SNR = 16.05
16:17 INFO    :   matched filter SNR = 16.05-0.00j
16:17 INFO    :   chirp_mass = 1.3
16:17 INFO    :   mass_ratio = 0.875
16:17 INFO    :   a_1 = 0.0
16:17 INFO    :   a_2 = 0.0
16:17 INFO    :   tilt_1 = 0.0
16:17 INFO    :   tilt_2 = 0.0
16:17 INFO    :   theta_jn = 1.5
16:17 INFO    :   luminosity_distance = 75
16:17 INFO    :   phi_jl = 0.0
16:17 INFO    :   psi = 0
16:17 INFO    :   phase = 1.0
16:17 INFO    :   geocent_time = 1264079376
16:17 INFO    :   phi_12 = 0.0
16:17 INFO    :   ra = 2.239
16:17 INFO    :   dec = 1.3467
16:17 INFO    : Injected signal in L1:
16:17 INFO    :   optimal SNR = 10.17
16:17 INFO    :   matched filter SNR = 10.17+0.00j
16:17 INFO    :   chirp_mass = 1.3
16:17 INFO    :   mass_ratio = 0.875
16:17 INFO    :   a_1 = 0.0
16:17 INFO    :   a_2 = 0.0
16:17 INFO    :   tilt_1 = 0.0
16:17 INFO    :   tilt_2 = 0.0
16:17 INFO    :   theta_jn = 1.5
16:17 INFO    :   luminosity_distance = 75
16:17 INFO    :   phi_jl = 0.0
16:17 INFO    :   psi = 0
16:17 INFO    :   phase = 1.0
16:17 INFO    :   geocent_time = 1264079376
16:17 INFO    :   phi_12 = 0.0
16:17 INFO    :   ra = 2.239
16:17 INFO    :   dec = 1.3467
16:17 INFO    : Injected signal in V1:
16:17 INFO    :   optimal SNR = 10.76
16:17 INFO    :   matched filter SNR = 10.76+0.00j
16:17 INFO    :   chirp_mass = 1.3
16:17 INFO    :   mass_ratio = 0.875
16:17 INFO    :   a_1 = 0.0
16:17 INFO    :   a_2 = 0.0
16:17 INFO    :   tilt_1 = 0.0
16:17 INFO    :   tilt_2 = 0.0
16:17 INFO    :   theta_jn = 1.5
16:17 INFO    :   luminosity_distance = 75
16:17 INFO    :   phi_jl = 0.0
16:17 INFO    :   psi = 0
16:17 INFO    :   phase = 1.0
16:17 INFO    :   geocent_time = 1264079376
16:17 INFO    :   phi_12 = 0.0
16:17 INFO    :   ra = 2.239
16:17 INFO    :   dec = 1.3467
16:17 INFO    : Injected signal in K1:
16:17 INFO    :   optimal SNR = 13.11
16:17 INFO    :   matched filter SNR = 13.11-0.00j
16:17 INFO    :   chirp_mass = 1.3
16:17 INFO    :   mass_ratio = 0.875
16:17 INFO    :   a_1 = 0.0
16:17 INFO    :   a_2 = 0.0
16:17 INFO    :   tilt_1 = 0.0
16:17 INFO    :   tilt_2 = 0.0
16:17 INFO    :   theta_jn = 1.5
16:17 INFO    :   luminosity_distance = 75
16:17 INFO    :   phi_jl = 0.0
16:17 INFO    :   psi = 0
16:17 INFO    :   phase = 1.0
16:17 INFO    :   geocent_time = 1264079376
16:17 INFO    :   phi_12 = 0.0
16:17 INFO    :   ra = 2.239
16:17 INFO    :   dec = 1.3467
16:17 INFO    : Waveform generator initiated with
  frequency_domain_source_model: bilby.gw.source.binary_neutron_star_roq
  time_domain_source_model: None
  parameter_conversion: bilby.gw.conversion.convert_to_lal_binary_neutron_star_parameters
16:17 WARNING : Prior not provided for phase, using the BBH default.
16:17 INFO    : No prior given, using default BBH priors in /home/jason/miniconda3/envs/env1/lib/python3.9/site-packages/bilby/gw/prior_files/precessing_spins_bbh.prior.
16:17 INFO    : Loading linear_matrix from /home/jason/Bilby/my_own_runs/bilby_run02.1/roq/basis_256s.hdf5
16:17 INFO    : Loading quadratic_matrix from /home/jason/Bilby/my_own_runs/bilby_run02.1/roq/basis_256s.hdf5
16:17 INFO    : ROQ time-step = 9.5367431640625e-05
16:17 INFO    : Using 904 ROQ time samples
16:17 INFO    : Building linear ROQ weights for the 5-th basis.
16:17 INFO    : Building quadratic ROQ weights for the 5-th basis.
16:17 INFO    : Running for label 'bns_example', output will be saved to '/home/jason/Bilby/my_own_runs/bilby_run10/bilby_run2.239_1.346/outdirTaylorF2ThreePointFivePN/75_1.3_1.3/'
16:17 INFO    : Using lal version 7.3.1
16:17 INFO    : Using lal git version Branch: None;Tag: lalsuite-v7.16;Id: eabfdf4e4d3fc392b912ffd053b238d0f18a064a;;Builder: Unknown User <>;Repository status: UNCLEAN: Modified working tree
16:17 INFO    : Using lalsimulation version 5.2.1
16:17 INFO    : Using lalsimulation git version Branch: None;Tag: lalsuite-v7.16;Id: eabfdf4e4d3fc392b912ffd053b238d0f18a064a;;Builder: Unknown User <>;Repository status: UNCLEAN: Modified working tree
16:17 INFO    : Analysis priors:
16:17 INFO    : chirp_mass=Uniform(minimum=1.275, maximum=1.325, name='chirp_mass', latex_label='$\\mathcal{M}$', unit=None, boundary=None)
16:17 INFO    : mass_ratio=Uniform(minimum=0.33, maximum=1, name='mass_ratio', latex_label='$q$', unit=None, boundary=None)
16:17 INFO    : a_1=Uniform(minimum=0, maximum=0.05, name='a_1', latex_label='$a_1$', unit=None, boundary=None)
16:17 INFO    : a_2=Uniform(minimum=0, maximum=0.05, name='a_2', latex_label='$a_2$', unit=None, boundary=None)
16:17 INFO    : phi_jl=Uniform(minimum=0, maximum=6.283185307179586, name='phi_jl', latex_label='$\\phi_{JL}$', unit=None, boundary='periodic')
16:17 INFO    : luminosity_distance=bilby.gw.prior.UniformComovingVolume(minimum=10.0, maximum=500.0, cosmology=FlatLambdaCDM(name="Planck15", H0=67.74 km / (Mpc s), Om0=0.3075, Tcmb0=2.7255 K, Neff=3.046, m_nu=[0.   0.   0.06] eV, Ob0=0.0486), name='luminosity_distance', latex_label='$d_L$', unit=Unit("Mpc"), boundary=None)
16:17 INFO    : theta_jn=Sine(minimum=0, maximum=3.141592653589793, name='theta_jn', latex_label='$\\theta_{JN}$', unit=None, boundary=None)
16:17 INFO    : psi=Uniform(minimum=0, maximum=3.141592653589793, name='psi', latex_label='$\\psi$', unit=None, boundary='periodic')
16:17 INFO    : mass_1=Constraint(minimum=1, maximum=2.4, name='mass_1', latex_label='$m_1$', unit=None)
16:17 INFO    : mass_2=Constraint(minimum=1, maximum=2.4, name='mass_2', latex_label='$m_2$', unit=None)
16:17 INFO    : tilt_1=0.0
16:17 INFO    : tilt_2=0.0
16:17 INFO    : phi_12=0.0
16:17 INFO    : dec=1.346
16:17 INFO    : ra=2.239
16:17 INFO    : geocent_time=1264079376
16:17 INFO    : phase=0.0
16:17 INFO    : Analysis likelihood class: <class 'bilby.gw.likelihood.roq.ROQGravitationalWaveTransient'>
16:17 INFO    : Analysis likelihood noise evidence: -324.3039225564219
16:17 INFO    : Single likelihood evaluation took 9.425e-04 s
16:17 INFO    : Using sampler Dynesty with kwargs {'nlive': 2000, 'bound': 'live', 'sample': 'act-walk', 'periodic': None, 'reflective': None, 'update_interval': 600, 'first_update': None, 'npdim': None, 'rstate': None, 'queue_size': 100, 'pool': None, 'use_pool': None, 'live_points': None, 'logl_args': None, 'logl_kwargs': None, 'ptform_args': None, 'ptform_kwargs': None, 'gradient': None, 'grad_args': None, 'grad_kwargs': None, 'compute_jac': False, 'enlarge': None, 'bootstrap': None, 'walks': 100, 'facc': 0.2, 'slices': None, 'fmove': 0.9, 'max_move': 100, 'update_func': None, 'ncdim': None, 'blob': False, 'save_history': False, 'history_filename': None, 'maxiter': None, 'maxcall': None, 'dlogz': 0.1, 'logl_max': inf, 'n_effective': None, 'add_live': True, 'print_progress': True, 'print_func': <bound method Dynesty._print_func of <bilby.core.sampler.dynesty.Dynesty object at 0x7f48372b1ca0>>, 'save_bounds': False, 'checkpoint_file': None, 'checkpoint_every': 60, 'resume': False}
16:17 INFO    : Checkpoint every check_point_delta_t = 600s
16:17 INFO    : Using dynesty version 2.1.2
16:17 INFO    : Using the bilby-implemented rwalk sampling tracking the autocorrelation function and thinning by 10 with maximum length 50000
16:17 INFO    : Setting up multiproccesing pool with 100 processes
16:17 INFO    : Resume file /home/jason/Bilby/my_own_runs/bilby_run10/bilby_run2.239_1.346/outdirTaylorF2ThreePointFivePN/75_1.3_1.3//bns_example_resume.pickle does not exist.
16:17 INFO    : Generating initial points from the prior
16:28 INFO    : Written checkpoint file /home/jason/Bilby/my_own_runs/bilby_run10/bilby_run2.239_1.346/outdirTaylorF2ThreePointFivePN/75_1.3_1.3//bns_example_resume.pickle
16:38 INFO    : Written checkpoint file /home/jason/Bilby/my_own_runs/bilby_run10/bilby_run2.239_1.346/outdirTaylorF2ThreePointFivePN/75_1.3_1.3//bns_example_resume.pickle
16:49 INFO    : Written checkpoint file /home/jason/Bilby/my_own_runs/bilby_run10/bilby_run2.239_1.346/outdirTaylorF2ThreePointFivePN/75_1.3_1.3//bns_example_resume.pickle
16:59 INFO    : Written checkpoint file /home/jason/Bilby/my_own_runs/bilby_run10/bilby_run2.239_1.346/outdirTaylorF2ThreePointFivePN/75_1.3_1.3//bns_example_resume.pickle
17:10 INFO    : Written checkpoint file /home/jason/Bilby/my_own_runs/bilby_run10/bilby_run2.239_1.346/outdirTaylorF2ThreePointFivePN/75_1.3_1.3//bns_example_resume.pickle
17:16 INFO    : Written checkpoint file /home/jason/Bilby/my_own_runs/bilby_run10/bilby_run2.239_1.346/outdirTaylorF2ThreePointFivePN/75_1.3_1.3//bns_example_resume.pickle
17:16 INFO    : Starting to close worker pool.
17:16 INFO    : Finished closing worker pool.
17:16 INFO    : Rejection sampling nested samples to obtain 8398 posterior samples
17:16 INFO    : Sampling time: 0:58:24.352685
17:16 INFO    : Summary of results:
nsamples: 8398
ln_noise_evidence: -324.304
ln_evidence: -25.808 +/-  0.125
ln_bayes_factor: 298.495 +/-  0.125

