14:33 INFO    : Waveform generator initiated with
  frequency_domain_source_model: bilby.gw.source.lal_binary_black_hole
  time_domain_source_model: None
  parameter_conversion: bilby.gw.conversion.convert_to_lal_binary_black_hole_parameters
14:33 INFO    : Injected signal in H1:
14:33 INFO    :   optimal SNR = 3.08
14:33 INFO    :   matched filter SNR = 3.08+0.00j
14:33 INFO    :   chirp_mass = 1.174
14:33 INFO    :   mass_ratio = 0.674
14:33 INFO    :   a_1 = 0.0
14:33 INFO    :   a_2 = 0.0
14:33 INFO    :   tilt_1 = 0.0
14:33 INFO    :   tilt_2 = 0.0
14:33 INFO    :   theta_jn = 1.5
14:33 INFO    :   luminosity_distance = 100
14:33 INFO    :   phi_jl = 0.0
14:33 INFO    :   psi = 0
14:33 INFO    :   phase = 1.0
14:33 INFO    :   geocent_time = 1264079376
14:33 INFO    :   phi_12 = 0.0
14:33 INFO    :   ra = 4.85
14:33 INFO    :   dec = 0.0
14:33 INFO    : Injected signal in L1:
14:33 INFO    :   optimal SNR = 9.88
14:33 INFO    :   matched filter SNR = 9.88-0.00j
14:33 INFO    :   chirp_mass = 1.174
14:33 INFO    :   mass_ratio = 0.674
14:33 INFO    :   a_1 = 0.0
14:33 INFO    :   a_2 = 0.0
14:33 INFO    :   tilt_1 = 0.0
14:33 INFO    :   tilt_2 = 0.0
14:33 INFO    :   theta_jn = 1.5
14:33 INFO    :   luminosity_distance = 100
14:33 INFO    :   phi_jl = 0.0
14:33 INFO    :   psi = 0
14:33 INFO    :   phase = 1.0
14:33 INFO    :   geocent_time = 1264079376
14:33 INFO    :   phi_12 = 0.0
14:33 INFO    :   ra = 4.85
14:33 INFO    :   dec = 0.0
14:33 INFO    : Injected signal in V1:
14:33 INFO    :   optimal SNR = 5.19
14:33 INFO    :   matched filter SNR = 5.19-0.00j
14:33 INFO    :   chirp_mass = 1.174
14:33 INFO    :   mass_ratio = 0.674
14:33 INFO    :   a_1 = 0.0
14:33 INFO    :   a_2 = 0.0
14:33 INFO    :   tilt_1 = 0.0
14:33 INFO    :   tilt_2 = 0.0
14:33 INFO    :   theta_jn = 1.5
14:33 INFO    :   luminosity_distance = 100
14:33 INFO    :   phi_jl = 0.0
14:33 INFO    :   psi = 0
14:33 INFO    :   phase = 1.0
14:33 INFO    :   geocent_time = 1264079376
14:33 INFO    :   phi_12 = 0.0
14:33 INFO    :   ra = 4.85
14:33 INFO    :   dec = 0.0
14:33 INFO    : Injected signal in K1:
14:33 INFO    :   optimal SNR = 5.09
14:33 INFO    :   matched filter SNR = 5.09+0.00j
14:33 INFO    :   chirp_mass = 1.174
14:33 INFO    :   mass_ratio = 0.674
14:33 INFO    :   a_1 = 0.0
14:33 INFO    :   a_2 = 0.0
14:33 INFO    :   tilt_1 = 0.0
14:33 INFO    :   tilt_2 = 0.0
14:33 INFO    :   theta_jn = 1.5
14:33 INFO    :   luminosity_distance = 100
14:33 INFO    :   phi_jl = 0.0
14:33 INFO    :   psi = 0
14:33 INFO    :   phase = 1.0
14:33 INFO    :   geocent_time = 1264079376
14:33 INFO    :   phi_12 = 0.0
14:33 INFO    :   ra = 4.85
14:33 INFO    :   dec = 0.0
14:33 INFO    : Waveform generator initiated with
  frequency_domain_source_model: bilby.gw.source.binary_black_hole_roq
  time_domain_source_model: None
  parameter_conversion: bilby.gw.conversion.convert_to_lal_binary_black_hole_parameters
14:33 WARNING : Prior not provided for phase, using the BBH default.
14:33 INFO    : No prior given, using default BBH priors in /home/jason/miniconda3/envs/env1/lib/python3.9/site-packages/bilby/gw/prior_files/precessing_spins_bbh.prior.
14:33 INFO    : Loading linear_matrix from /home/jason/Bilby/my_own_runs/bilby_run02.1/roq/basis_256s.hdf5
14:33 INFO    : Loading quadratic_matrix from /home/jason/Bilby/my_own_runs/bilby_run02.1/roq/basis_256s.hdf5
14:33 INFO    : ROQ time-step = 9.5367431640625e-05
14:33 INFO    : Using 904 ROQ time samples
14:33 INFO    : Building linear ROQ weights for the 3-th basis.
14:33 INFO    : Building linear ROQ weights for the 4-th basis.
14:33 INFO    : Building quadratic ROQ weights for the 3-th basis.
14:33 INFO    : Building quadratic ROQ weights for the 4-th basis.
14:33 INFO    : Running for label 'bns_example_4.85_0.0', output will be saved to '/home/jason/Bilby/my_own_runs/bilby_run10/bilby_run4/bilby_run4.85_0.0/outdir_100_4.85_0.0'
14:33 INFO    : Using lal version 7.3.1
14:33 INFO    : Using lal git version Branch: None;Tag: lalsuite-v7.16;Id: eabfdf4e4d3fc392b912ffd053b238d0f18a064a;;Builder: Unknown User <>;Repository status: UNCLEAN: Modified working tree
14:33 INFO    : Using lalsimulation version 5.2.1
14:33 INFO    : Using lalsimulation git version Branch: None;Tag: lalsuite-v7.16;Id: eabfdf4e4d3fc392b912ffd053b238d0f18a064a;;Builder: Unknown User <>;Repository status: UNCLEAN: Modified working tree
14:33 INFO    : Analysis priors:
14:33 INFO    : chirp_mass=Uniform(minimum=1.1, maximum=1.25, name='chirp_mass', latex_label='$\\mathcal{M}$', unit=None, boundary=None)
14:33 INFO    : mass_ratio=Uniform(minimum=0.25, maximum=1, name='mass_ratio', latex_label='$q$', unit=None, boundary=None)
14:33 INFO    : a_1=Uniform(minimum=0, maximum=0.05, name='a_1', latex_label='$a_1$', unit=None, boundary=None)
14:33 INFO    : a_2=Uniform(minimum=0, maximum=0.05, name='a_2', latex_label='$a_2$', unit=None, boundary=None)
14:33 INFO    : phi_jl=Uniform(minimum=0, maximum=6.283185307179586, name='phi_jl', latex_label='$\\phi_{JL}$', unit=None, boundary='periodic')
14:33 INFO    : luminosity_distance=bilby.gw.prior.UniformComovingVolume(minimum=10.0, maximum=500.0, cosmology=FlatLambdaCDM(name="Planck15", H0=67.74 km / (Mpc s), Om0=0.3075, Tcmb0=2.7255 K, Neff=3.046, m_nu=[0.   0.   0.06] eV, Ob0=0.0486), name='luminosity_distance', latex_label='$d_L$', unit=Unit("Mpc"), boundary=None)
14:33 INFO    : theta_jn=Sine(minimum=0, maximum=3.141592653589793, name='theta_jn', latex_label='$\\theta_{JN}$', unit=None, boundary=None)
14:33 INFO    : psi=Uniform(minimum=0, maximum=3.141592653589793, name='psi', latex_label='$\\psi$', unit=None, boundary='periodic')
14:33 INFO    : mass_1=Constraint(minimum=0.9, maximum=2.2, name='mass_1', latex_label='$m_1$', unit=None)
14:33 INFO    : mass_2=Constraint(minimum=0.9, maximum=2.2, name='mass_2', latex_label='$m_2$', unit=None)
14:33 INFO    : tilt_1=0.0
14:33 INFO    : tilt_2=0.0
14:33 INFO    : phi_12=0.0
14:33 INFO    : dec=0.0
14:33 INFO    : ra=4.85
14:33 INFO    : geocent_time=1264079376
14:33 INFO    : phase=0.0
14:33 INFO    : Analysis likelihood class: <class 'bilby.gw.likelihood.roq.ROQGravitationalWaveTransient'>
14:33 INFO    : Analysis likelihood noise evidence: -79.9897734329466
14:33 INFO    : Single likelihood evaluation took 9.820e-04 s
14:33 INFO    : Using sampler Dynesty with kwargs {'nlive': 2000, 'bound': 'live', 'sample': 'act-walk', 'periodic': None, 'reflective': None, 'update_interval': 600, 'first_update': None, 'npdim': None, 'rstate': None, 'queue_size': 100, 'pool': None, 'use_pool': None, 'live_points': None, 'logl_args': None, 'logl_kwargs': None, 'ptform_args': None, 'ptform_kwargs': None, 'gradient': None, 'grad_args': None, 'grad_kwargs': None, 'compute_jac': False, 'enlarge': None, 'bootstrap': None, 'walks': 100, 'facc': 0.2, 'slices': None, 'fmove': 0.9, 'max_move': 100, 'update_func': None, 'ncdim': None, 'blob': False, 'save_history': False, 'history_filename': None, 'maxiter': None, 'maxcall': None, 'dlogz': 0.1, 'logl_max': inf, 'n_effective': None, 'add_live': True, 'print_progress': True, 'print_func': <bound method Dynesty._print_func of <bilby.core.sampler.dynesty.Dynesty object at 0x7fe791752ca0>>, 'save_bounds': False, 'checkpoint_file': None, 'checkpoint_every': 60, 'resume': False}
14:33 INFO    : Checkpoint every check_point_delta_t = 600s
14:33 INFO    : Using dynesty version 2.1.2
14:33 INFO    : Using the bilby-implemented rwalk sampling tracking the autocorrelation function and thinning by 10 with maximum length 50000
14:33 INFO    : Setting up multiproccesing pool with 100 processes
14:33 INFO    : Resume file /home/jason/Bilby/my_own_runs/bilby_run10/bilby_run4/bilby_run4.85_0.0/outdir_100_4.85_0.0/bns_example_4.85_0.0_resume.pickle does not exist.
14:33 INFO    : Generating initial points from the prior
14:43 INFO    : Written checkpoint file /home/jason/Bilby/my_own_runs/bilby_run10/bilby_run4/bilby_run4.85_0.0/outdir_100_4.85_0.0/bns_example_4.85_0.0_resume.pickle
14:54 INFO    : Written checkpoint file /home/jason/Bilby/my_own_runs/bilby_run10/bilby_run4/bilby_run4.85_0.0/outdir_100_4.85_0.0/bns_example_4.85_0.0_resume.pickle
14:58 INFO    : Written checkpoint file /home/jason/Bilby/my_own_runs/bilby_run10/bilby_run4/bilby_run4.85_0.0/outdir_100_4.85_0.0/bns_example_4.85_0.0_resume.pickle
14:58 INFO    : Starting to close worker pool.
14:58 INFO    : Finished closing worker pool.
14:58 INFO    : Rejection sampling nested samples to obtain 8610 posterior samples
14:58 INFO    : Sampling time: 0:24:39.047508
14:58 INFO    : Computing per-detector log likelihoods.
14:58 INFO    : Using a pool with size 100 for nsamples=8610
14:58 INFO    : Reconstructing marginalised parameters.
14:58 INFO    : Using a pool with size 100 for nsamples=8610
14:58 INFO    : Generating sky frame parameters.
14:58 INFO    : Computing SNRs for every sample.
14:58 INFO    : Using a pool with size 100 for nsamples=8610
14:59 INFO    : Summary of results:
nsamples: 8610
ln_noise_evidence: -79.990
ln_evidence: -24.198 +/-  0.122
ln_bayes_factor: 55.792 +/-  0.122

